(0.000) 
            SELECT name, type FROM sqlite_master
            WHERE type in ('table', 'view') AND NOT name='sqlite_sequence'
            ORDER BY name; args=None; alias=default
(0.000) SELECT "django_migrations"."id", "django_migrations"."app", "django_migrations"."name", "django_migrations"."applied" FROM "django_migrations"; args=(); alias=default
(0.000) SELECT "pages_hotel"."id", "pages_hotel"."code", "pages_hotel"."name", "pages_hotel"."city", "pages_hotel"."country", "pages_hotel"."location", "pages_hotel"."category", "pages_hotel"."property_type", "pages_hotel"."amenities", "pages_hotel"."image_url", "pages_hotel"."rating", "pages_hotel"."review_count", "pages_hotel"."original_price", "pages_hotel"."current_price", "pages_hotel"."max_guests", "pages_hotel"."rooms_left" FROM "pages_hotel" WHERE (("pages_hotel"."name" LIKE '%Antalya%' ESCAPE '\' OR "pages_hotel"."city" LIKE '%Antalya%' ESCAPE '\' OR "pages_hotel"."country" LIKE '%Antalya%' ESCAPE '\' OR "pages_hotel"."location" LIKE '%Antalya%' ESCAPE '\' OR "pages_hotel"."category" LIKE '%Antalya%' ESCAPE '\' OR "pages_hotel"."property_type" LIKE '%Antalya%' ESCAPE '\') AND "pages_hotel"."max_guests" >= 2) ORDER BY "pages_hotel"."current_price" ASC, "pages_hotel"."name" ASC; args=('%Antalya%', '%Antalya%', '%Antalya%', '%Antalya%', '%Antalya%', '%Antalya%', 2); alias=default
[22/May/2026 00:30:59] "GET /api/hotels/?destination=Antalya&guests=2 HTTP/1.1" 200 347
[22/May/2026 00:30:59] "GET / HTTP/1.1" 200 21395
[22/May/2026 00:30:59,409] - Broken pipe from ('127.0.0.1', 56229)
[22/May/2026 00:30:59] "GET /service-worker.js HTTP/1.1" 200 610
[22/May/2026 00:30:59,429] - Broken pipe from ('127.0.0.1', 56230)
[22/May/2026 00:30:59,457] - Broken pipe from ('127.0.0.1', 56231)
(0.000) SELECT "django_session"."session_key", "django_session"."session_data", "django_session"."expire_date" FROM "django_session" WHERE ("django_session"."expire_date" > '2026-05-21 21:34:43.152594' AND "django_session"."session_key" = 'stsxqdu7wfc88cl7y4v96mrmxfbn2a81') LIMIT 21; args=('2026-05-21 21:34:43.152594', 'stsxqdu7wfc88cl7y4v96mrmxfbn2a81'); alias=default
(0.000) SELECT "auth_user"."id", "auth_user"."password", "auth_user"."last_login", "auth_user"."is_superuser", "auth_user"."username", "auth_user"."first_name", "auth_user"."last_name", "auth_user"."email", "auth_user"."is_staff", "auth_user"."is_active", "auth_user"."date_joined" FROM "auth_user" WHERE "auth_user"."id" = 6 LIMIT 21; args=(6,); alias=default
[22/May/2026 00:34:43] "GET / HTTP/1.1" 200 21397
[22/May/2026 00:34:46] "GET /admin HTTP/1.1" 301 0
(0.000) SELECT "django_session"."session_key", "django_session"."session_data", "django_session"."expire_date" FROM "django_session" WHERE ("django_session"."expire_date" > '2026-05-21 21:34:46.465950' AND "django_session"."session_key" = 'stsxqdu7wfc88cl7y4v96mrmxfbn2a81') LIMIT 21; args=('2026-05-21 21:34:46.465950', 'stsxqdu7wfc88cl7y4v96mrmxfbn2a81'); alias=default
(0.000) SELECT "auth_user"."id", "auth_user"."password", "auth_user"."last_login", "auth_user"."is_superuser", "auth_user"."username", "auth_user"."first_name", "auth_user"."last_name", "auth_user"."email", "auth_user"."is_staff", "auth_user"."is_active", "auth_user"."date_joined" FROM "auth_user" WHERE "auth_user"."id" = 6 LIMIT 21; args=(6,); alias=default
[22/May/2026 00:34:46] "GET /admin/ HTTP/1.1" 302 0
(0.000) SELECT "django_session"."session_key", "django_session"."session_data", "django_session"."expire_date" FROM "django_session" WHERE ("django_session"."expire_date" > '2026-05-21 21:34:46.473302' AND "django_session"."session_key" = 'stsxqdu7wfc88cl7y4v96mrmxfbn2a81') LIMIT 21; args=('2026-05-21 21:34:46.473302', 'stsxqdu7wfc88cl7y4v96mrmxfbn2a81'); alias=default
(0.000) SELECT "auth_user"."id", "auth_user"."password", "auth_user"."last_login", "auth_user"."is_superuser", "auth_user"."username", "auth_user"."first_name", "auth_user"."last_name", "auth_user"."email", "auth_user"."is_staff", "auth_user"."is_active", "auth_user"."date_joined" FROM "auth_user" WHERE "auth_user"."id" = 6 LIMIT 21; args=(6,); alias=default
(0.000) SELECT "django_content_type"."app_label" AS "content_type__app_label", "auth_permission"."codename" AS "codename" FROM "auth_permission" INNER JOIN "auth_user_user_permissions" ON ("auth_permission"."id" = "auth_user_user_permissions"."permission_id") INNER JOIN "django_content_type" ON ("auth_permission"."content_type_id" = "django_content_type"."id") WHERE "auth_user_user_permissions"."user_id" = 6; args=(6,); alias=default
(0.000) SELECT "django_content_type"."app_label" AS "content_type__app_label", "auth_permission"."codename" AS "codename" FROM "auth_permission" INNER JOIN "auth_group_permissions" ON ("auth_permission"."id" = "auth_group_permissions"."permission_id") INNER JOIN "django_content_type" ON ("auth_permission"."content_type_id" = "django_content_type"."id") WHERE "auth_group_permissions"."group_id" IN (SELECT U0."id" FROM "auth_group" U0 INNER JOIN "auth_user_groups" U1 ON (U0."id" = U1."group_id") WHERE U1."user_id" = 6); args=(6,); alias=default
[22/May/2026 00:34:46] "GET /admin/login/?next=/admin/ HTTP/1.1" 200 3698
[22/May/2026 00:34:46] "GET /static/admin/css/responsive.css HTTP/1.1" 200 16565
[22/May/2026 00:34:46] "GET /static/admin/css/nav_sidebar.css HTTP/1.1" 200 2810
[22/May/2026 00:34:46] "GET /static/admin/css/login.css HTTP/1.1" 200 951
[22/May/2026 00:34:46] "GET /static/admin/css/dark_mode.css HTTP/1.1" 200 2808
[22/May/2026 00:34:46] "GET /static/admin/css/base.css HTTP/1.1" 200 22120
[22/May/2026 00:34:46] "GET /static/admin/js/theme.js HTTP/1.1" 200 1653
[22/May/2026 00:34:46] "GET /static/admin/js/nav_sidebar.js HTTP/1.1" 200 3063
(0.000) SELECT "django_session"."session_key", "django_session"."session_data", "django_session"."expire_date" FROM "django_session" WHERE ("django_session"."expire_date" > '2026-05-21 21:34:54.546693' AND "django_session"."session_key" = 'stsxqdu7wfc88cl7y4v96mrmxfbn2a81') LIMIT 21; args=('2026-05-21 21:34:54.546693', 'stsxqdu7wfc88cl7y4v96mrmxfbn2a81'); alias=default
(0.000) SELECT "auth_user"."id", "auth_user"."password", "auth_user"."last_login", "auth_user"."is_superuser", "auth_user"."username", "auth_user"."first_name", "auth_user"."last_name", "auth_user"."email", "auth_user"."is_staff", "auth_user"."is_active", "auth_user"."date_joined" FROM "auth_user" WHERE "auth_user"."id" = 6 LIMIT 21; args=(6,); alias=default
(0.000) SELECT "django_content_type"."app_label" AS "content_type__app_label", "auth_permission"."codename" AS "codename" FROM "auth_permission" INNER JOIN "auth_user_user_permissions" ON ("auth_permission"."id" = "auth_user_user_permissions"."permission_id") INNER JOIN "django_content_type" ON ("auth_permission"."content_type_id" = "django_content_type"."id") WHERE "auth_user_user_permissions"."user_id" = 6; args=(6,); alias=default
(0.000) SELECT "django_content_type"."app_label" AS "content_type__app_label", "auth_permission"."codename" AS "codename" FROM "auth_permission" INNER JOIN "auth_group_permissions" ON ("auth_permission"."id" = "auth_group_permissions"."permission_id") INNER JOIN "django_content_type" ON ("auth_permission"."content_type_id" = "django_content_type"."id") WHERE "auth_group_permissions"."group_id" IN (SELECT U0."id" FROM "auth_group" U0 INNER JOIN "auth_user_groups" U1 ON (U0."id" = U1."group_id") WHERE U1."user_id" = 6); args=(6,); alias=default
(0.000) SELECT "auth_user"."id", "auth_user"."password", "auth_user"."last_login", "auth_user"."is_superuser", "auth_user"."username", "auth_user"."first_name", "auth_user"."last_name", "auth_user"."email", "auth_user"."is_staff", "auth_user"."is_active", "auth_user"."date_joined" FROM "auth_user" WHERE "auth_user"."username" = 'admin@luxestay.com' LIMIT 21; args=('admin@luxestay.com',); alias=default
(0.000) SELECT "django_session"."session_key", "django_session"."session_data", "django_session"."expire_date" FROM "django_session" WHERE "django_session"."session_key" = 'stsxqdu7wfc88cl7y4v96mrmxfbn2a81' LIMIT 21; args=('stsxqdu7wfc88cl7y4v96mrmxfbn2a81',); alias=default
(0.003) DELETE FROM "django_session" WHERE "django_session"."session_key" IN ('stsxqdu7wfc88cl7y4v96mrmxfbn2a81'); args=('stsxqdu7wfc88cl7y4v96mrmxfbn2a81',); alias=default
(0.002) UPDATE "auth_user" SET "last_login" = '2026-05-21 21:34:54.813046' WHERE "auth_user"."id" = 8; args=('2026-05-21 21:34:54.813046', 8); alias=default
(0.000) SELECT 1 AS "a" FROM "django_session" WHERE "django_session"."session_key" = 'k0s7cdvu9q1pjd0dead4rh16dbbpbsaz' LIMIT 1; args=(1, 'k0s7cdvu9q1pjd0dead4rh16dbbpbsaz'); alias=default
(0.000) BEGIN; args=None; alias=default
(0.001) INSERT INTO "django_session" ("session_key", "session_data", "expire_date") VALUES ('k0s7cdvu9q1pjd0dead4rh16dbbpbsaz', '.eJxVjMsOwiAQRf-FtSHA8HTp3m8gM0ClaiAp7cr479qkC93ec859sYjbWuM2yhLnzM7Ms9PvRpgepe0g37HdOk-9rctMfFf4QQe_9lyel8P9O6g46rcWSD4FgDCBs8JK4TRACU4arxOSkkZiTqQ8OXQ6W60lTs5YQKuSoMLeH8FkNzk:1wQB2c:TSW2kgW2wRuK_TEztg2OZNjrCIfohLyzOpCN52DjGPk', '2026-06-04 21:34:54.816277'); args=('k0s7cdvu9q1pjd0dead4rh16dbbpbsaz', '.eJxVjMsOwiAQRf-FtSHA8HTp3m8gM0ClaiAp7cr479qkC93ec859sYjbWuM2yhLnzM7Ms9PvRpgepe0g37HdOk-9rctMfFf4QQe_9lyel8P9O6g46rcWSD4FgDCBs8JK4TRACU4arxOSkkZiTqQ8OXQ6W60lTs5YQKuSoMLeH8FkNzk:1wQB2c:TSW2kgW2wRuK_TEztg2OZNjrCIfohLyzOpCN52DjGPk', '2026-06-04 21:34:54.816277'); alias=default
(0.001) COMMIT; args=None; alias=default
[22/May/2026 00:34:54] "POST /admin/login/?next=/admin/ HTTP/1.1" 302 0
(0.000) SELECT "django_session"."session_key", "django_session"."session_data", "django_session"."expire_date" FROM "django_session" WHERE ("django_session"."expire_date" > '2026-05-21 21:34:54.820532' AND "django_session"."session_key" = 'k0s7cdvu9q1pjd0dead4rh16dbbpbsaz') LIMIT 21; args=('2026-05-21 21:34:54.820532', 'k0s7cdvu9q1pjd0dead4rh16dbbpbsaz'); alias=default
(0.000) SELECT "auth_user"."id", "auth_user"."password", "auth_user"."last_login", "auth_user"."is_superuser", "auth_user"."username", "auth_user"."first_name", "auth_user"."last_name", "auth_user"."email", "auth_user"."is_staff", "auth_user"."is_active", "auth_user"."date_joined" FROM "auth_user" WHERE "auth_user"."id" = 8 LIMIT 21; args=(8,); alias=default
(0.000) SELECT "django_admin_log"."id", "django_admin_log"."action_time", "django_admin_log"."user_id", "django_admin_log"."content_type_id", "django_admin_log"."object_id", "django_admin_log"."object_repr", "django_admin_log"."action_flag", "django_admin_log"."change_message", "auth_user"."id", "auth_user"."password", "auth_user"."last_login", "auth_user"."is_superuser", "auth_user"."username", "auth_user"."first_name", "auth_user"."last_name", "auth_user"."email", "auth_user"."is_staff", "auth_user"."is_active", "auth_user"."date_joined", "django_content_type"."id", "django_content_type"."app_label", "django_content_type"."model" FROM "django_admin_log" INNER JOIN "auth_user" ON ("django_admin_log"."user_id" = "auth_user"."id") LEFT OUTER JOIN "django_content_type" ON ("django_admin_log"."content_type_id" = "django_content_type"."id") WHERE "django_admin_log"."user_id" = 8 ORDER BY "django_admin_log"."action_time" DESC LIMIT 10; args=(8,); alias=default
[22/May/2026 00:34:54] "GET /admin/ HTTP/1.1" 200 10185
[22/May/2026 00:34:54] "GET /static/admin/css/dashboard.css HTTP/1.1" 200 441
[22/May/2026 00:34:54] "GET /static/admin/img/icon-changelink.svg HTTP/1.1" 200 380
[22/May/2026 00:34:54] "GET /static/admin/img/icon-addlink.svg HTTP/1.1" 200 331
(0.000) SELECT "django_session"."session_key", "django_session"."session_data", "django_session"."expire_date" FROM "django_session" WHERE ("django_session"."expire_date" > '2026-05-21 21:34:57.513074' AND "django_session"."session_key" = 'k0s7cdvu9q1pjd0dead4rh16dbbpbsaz') LIMIT 21; args=('2026-05-21 21:34:57.513074', 'k0s7cdvu9q1pjd0dead4rh16dbbpbsaz'); alias=default
(0.000) SELECT "auth_user"."id", "auth_user"."password", "auth_user"."last_login", "auth_user"."is_superuser", "auth_user"."username", "auth_user"."first_name", "auth_user"."last_name", "auth_user"."email", "auth_user"."is_staff", "auth_user"."is_active", "auth_user"."date_joined" FROM "auth_user" WHERE "auth_user"."id" = 8 LIMIT 21; args=(8,); alias=default
(0.000) SELECT COUNT(*) AS "__count" FROM "pages_savedhotel"; args=(); alias=default
(0.000) SELECT COUNT(*) AS "__count" FROM "pages_savedhotel"; args=(); alias=default
(0.000) SELECT "pages_savedhotel"."id", "pages_savedhotel"."user_id", "pages_savedhotel"."hotel_id", "pages_savedhotel"."created_at", "auth_user"."id", "auth_user"."password", "auth_user"."last_login", "auth_user"."is_superuser", "auth_user"."username", "auth_user"."first_name", "auth_user"."last_name", "auth_user"."email", "auth_user"."is_staff", "auth_user"."is_active", "auth_user"."date_joined", "pages_hotel"."id", "pages_hotel"."code", "pages_hotel"."name", "pages_hotel"."city", "pages_hotel"."country", "pages_hotel"."location", "pages_hotel"."category", "pages_hotel"."property_type", "pages_hotel"."amenities", "pages_hotel"."image_url", "pages_hotel"."rating", "pages_hotel"."review_count", "pages_hotel"."original_price", "pages_hotel"."current_price", "pages_hotel"."max_guests", "pages_hotel"."rooms_left" FROM "pages_savedhotel" INNER JOIN "auth_user" ON ("pages_savedhotel"."user_id" = "auth_user"."id") INNER JOIN "pages_hotel" ON ("pages_savedhotel"."hotel_id" = "pages_hotel"."id") ORDER BY "pages_savedhotel"."created_at" DESC, "pages_savedhotel"."id" DESC; args=(); alias=default
[22/May/2026 00:34:57] "GET /admin/pages/savedhotel/ HTTP/1.1" 200 13192
(0.000) SELECT "django_session"."session_key", "django_session"."session_data", "django_session"."expire_date" FROM "django_session" WHERE ("django_session"."expire_date" > '2026-05-21 21:34:57.574255' AND "django_session"."session_key" = 'k0s7cdvu9q1pjd0dead4rh16dbbpbsaz') LIMIT 21; args=('2026-05-21 21:34:57.574255', 'k0s7cdvu9q1pjd0dead4rh16dbbpbsaz'); alias=default
(0.000) SELECT "auth_user"."id", "auth_user"."password", "auth_user"."last_login", "auth_user"."is_superuser", "auth_user"."username", "auth_user"."first_name", "auth_user"."last_name", "auth_user"."email", "auth_user"."is_staff", "auth_user"."is_active", "auth_user"."date_joined" FROM "auth_user" WHERE "auth_user"."id" = 8 LIMIT 21; args=(8,); alias=default
[22/May/2026 00:34:57] "GET /static/admin/css/changelists.css HTTP/1.1" 200 6878
[22/May/2026 00:34:57] "GET /static/admin/js/jquery.init.js HTTP/1.1" 200 347
[22/May/2026 00:34:57] "GET /static/admin/js/core.js HTTP/1.1" 200 6208
[22/May/2026 00:34:57] "GET /admin/jsi18n/ HTTP/1.1" 200 3342
[22/May/2026 00:34:57] "GET /static/admin/js/admin/RelatedObjectLookups.js HTTP/1.1" 200 9777
[22/May/2026 00:34:57] "GET /static/admin/js/urlify.js HTTP/1.1" 200 7887
[22/May/2026 00:34:57] "GET /static/admin/js/actions.js HTTP/1.1" 200 8076
[22/May/2026 00:34:57] "GET /static/admin/img/search.svg HTTP/1.1" 200 458
[22/May/2026 00:34:57] "GET /static/admin/js/prepopulate.js HTTP/1.1" 200 1531
[22/May/2026 00:34:57] "GET /static/admin/js/vendor/jquery/jquery.js HTTP/1.1" 200 285314
[22/May/2026 00:34:57] "GET /static/admin/js/filters.js HTTP/1.1" 200 978
[22/May/2026 00:34:57] "GET /static/admin/js/vendor/xregexp/xregexp.js HTTP/1.1" 200 325171
[22/May/2026 00:34:57] "GET /static/admin/img/sorting-icons.svg HTTP/1.1" 200 1097
[22/May/2026 00:34:57] "GET /static/admin/img/tooltag-add.svg HTTP/1.1" 200 331
(0.000) SELECT "django_session"."session_key", "django_session"."session_data", "django_session"."expire_date" FROM "django_session" WHERE ("django_session"."expire_date" > '2026-05-21 21:35:00.333592' AND "django_session"."session_key" = 'k0s7cdvu9q1pjd0dead4rh16dbbpbsaz') LIMIT 21; args=('2026-05-21 21:35:00.333592', 'k0s7cdvu9q1pjd0dead4rh16dbbpbsaz'); alias=default
(0.000) SELECT "auth_user"."id", "auth_user"."password", "auth_user"."last_login", "auth_user"."is_superuser", "auth_user"."username", "auth_user"."first_name", "auth_user"."last_name", "auth_user"."email", "auth_user"."is_staff", "auth_user"."is_active", "auth_user"."date_joined" FROM "auth_user" WHERE "auth_user"."id" = 8 LIMIT 21; args=(8,); alias=default
(0.000) SELECT "pages_savedhotel"."id", "pages_savedhotel"."user_id", "pages_savedhotel"."hotel_id", "pages_savedhotel"."created_at" FROM "pages_savedhotel" WHERE "pages_savedhotel"."id" = 2 LIMIT 21; args=(2,); alias=default
(0.000) SELECT "auth_user"."id", "auth_user"."password", "auth_user"."last_login", "auth_user"."is_superuser", "auth_user"."username", "auth_user"."first_name", "auth_user"."last_name", "auth_user"."email", "auth_user"."is_staff", "auth_user"."is_active", "auth_user"."date_joined" FROM "auth_user" WHERE "auth_user"."id" = 4 LIMIT 21; args=(4,); alias=default
(0.000) SELECT "pages_hotel"."id", "pages_hotel"."code", "pages_hotel"."name", "pages_hotel"."city", "pages_hotel"."country", "pages_hotel"."location", "pages_hotel"."category", "pages_hotel"."property_type", "pages_hotel"."amenities", "pages_hotel"."image_url", "pages_hotel"."rating", "pages_hotel"."review_count", "pages_hotel"."original_price", "pages_hotel"."current_price", "pages_hotel"."max_guests", "pages_hotel"."rooms_left" FROM "pages_hotel" WHERE "pages_hotel"."id" = 7 LIMIT 21; args=(7,); alias=default
(0.000) SELECT "django_content_type"."id", "django_content_type"."app_label", "django_content_type"."model" FROM "django_content_type" WHERE ("django_content_type"."app_label" = 'pages' AND "django_content_type"."model" = 'savedhotel') LIMIT 21; args=('pages', 'savedhotel'); alias=default
(0.000) SELECT "auth_user"."id", "auth_user"."password", "auth_user"."last_login", "auth_user"."is_superuser", "auth_user"."username", "auth_user"."first_name", "auth_user"."last_name", "auth_user"."email", "auth_user"."is_staff", "auth_user"."is_active", "auth_user"."date_joined" FROM "auth_user" ORDER BY "auth_user"."username" ASC; args=(); alias=default
(0.000) SELECT "pages_hotel"."id", "pages_hotel"."code", "pages_hotel"."name", "pages_hotel"."city", "pages_hotel"."country", "pages_hotel"."location", "pages_hotel"."category", "pages_hotel"."property_type", "pages_hotel"."amenities", "pages_hotel"."image_url", "pages_hotel"."rating", "pages_hotel"."review_count", "pages_hotel"."original_price", "pages_hotel"."current_price", "pages_hotel"."max_guests", "pages_hotel"."rooms_left" FROM "pages_hotel" ORDER BY "pages_hotel"."current_price" ASC, "pages_hotel"."name" ASC; args=(); alias=default
[22/May/2026 00:35:00] "GET /admin/pages/savedhotel/2/change/ HTTP/1.1" 200 14929
(0.000) SELECT "django_session"."session_key", "django_session"."session_data", "django_session"."expire_date" FROM "django_session" WHERE ("django_session"."expire_date" > '2026-05-21 21:35:00.381733' AND "django_session"."session_key" = 'k0s7cdvu9q1pjd0dead4rh16dbbpbsaz') LIMIT 21; args=('2026-05-21 21:35:00.381733', 'k0s7cdvu9q1pjd0dead4rh16dbbpbsaz'); alias=default
(0.000) SELECT "auth_user"."id", "auth_user"."password", "auth_user"."last_login", "auth_user"."is_superuser", "auth_user"."username", "auth_user"."first_name", "auth_user"."last_name", "auth_user"."email", "auth_user"."is_staff", "auth_user"."is_active", "auth_user"."date_joined" FROM "auth_user" WHERE "auth_user"."id" = 8 LIMIT 21; args=(8,); alias=default
[22/May/2026 00:35:00] "GET /admin/jsi18n/ HTTP/1.1" 200 3342
[22/May/2026 00:35:00] "GET /static/admin/css/forms.css HTTP/1.1" 200 8525
[22/May/2026 00:35:00] "GET /static/admin/js/prepopulate_init.js HTTP/1.1" 200 586
[22/May/2026 00:35:00] "GET /static/admin/img/icon-viewlink.svg HTTP/1.1" 200 581
[22/May/2026 00:35:00] "GET /static/admin/css/widgets.css HTTP/1.1" 200 11973
[22/May/2026 00:35:00] "GET /static/admin/js/change_form.js HTTP/1.1" 200 606
(0.000) SELECT "django_session"."session_key", "django_session"."session_data", "django_session"."expire_date" FROM "django_session" WHERE ("django_session"."expire_date" > '2026-05-21 21:35:06.262051' AND "django_session"."session_key" = 'k0s7cdvu9q1pjd0dead4rh16dbbpbsaz') LIMIT 21; args=('2026-05-21 21:35:06.262051', 'k0s7cdvu9q1pjd0dead4rh16dbbpbsaz'); alias=default
(0.000) SELECT "auth_user"."id", "auth_user"."password", "auth_user"."last_login", "auth_user"."is_superuser", "auth_user"."username", "auth_user"."first_name", "auth_user"."last_name", "auth_user"."email", "auth_user"."is_staff", "auth_user"."is_active", "auth_user"."date_joined" FROM "auth_user" WHERE "auth_user"."id" = 8 LIMIT 21; args=(8,); alias=default
(0.000) BEGIN; args=None; alias=default
(0.000) SELECT "pages_savedhotel"."id", "pages_savedhotel"."user_id", "pages_savedhotel"."hotel_id", "pages_savedhotel"."created_at" FROM "pages_savedhotel" WHERE "pages_savedhotel"."id" = 2 LIMIT 21; args=(2,); alias=default
(0.000) SELECT "auth_user"."id", "auth_user"."password", "auth_user"."last_login", "auth_user"."is_superuser", "auth_user"."username", "auth_user"."first_name", "auth_user"."last_name", "auth_user"."email", "auth_user"."is_staff", "auth_user"."is_active", "auth_user"."date_joined" FROM "auth_user" WHERE "auth_user"."id" = 4 LIMIT 21; args=(4,); alias=default
(0.000) SELECT "pages_hotel"."id", "pages_hotel"."code", "pages_hotel"."name", "pages_hotel"."city", "pages_hotel"."country", "pages_hotel"."location", "pages_hotel"."category", "pages_hotel"."property_type", "pages_hotel"."amenities", "pages_hotel"."image_url", "pages_hotel"."rating", "pages_hotel"."review_count", "pages_hotel"."original_price", "pages_hotel"."current_price", "pages_hotel"."max_guests", "pages_hotel"."rooms_left" FROM "pages_hotel" WHERE "pages_hotel"."id" = 7 LIMIT 21; args=(7,); alias=default
(0.000) SELECT 1 AS "a" FROM "auth_user" WHERE "auth_user"."id" = 4 LIMIT 1; args=(1, 4); alias=default
(0.000) SELECT 1 AS "a" FROM "pages_hotel" WHERE "pages_hotel"."id" = 7 LIMIT 1; args=(1, 7); alias=default
(0.000) SELECT 1 AS "a" FROM "pages_savedhotel" WHERE ("pages_savedhotel"."hotel_id" = 7 AND "pages_savedhotel"."user_id" = 4 AND NOT ("pages_savedhotel"."id" = 2)) LIMIT 1; args=(1, 7, 4, 2); alias=default
(0.001) UPDATE "pages_savedhotel" SET "user_id" = 4, "hotel_id" = 7, "created_at" = '2026-05-19 11:49:35.581632' WHERE "pages_savedhotel"."id" = 2; args=(4, 7, '2026-05-19 11:49:35.581632', 2); alias=default
(0.000) INSERT INTO "django_admin_log" ("action_time", "user_id", "content_type_id", "object_id", "object_repr", "action_flag", "change_message") VALUES ('2026-05-21 21:35:06.268103', 8, 12, '2', 'ag.q@gmail.com saved Bali Serenity Retreat', 2, '[]') RETURNING "django_admin_log"."id"; args=('2026-05-21 21:35:06.268103', 8, 12, '2', 'ag.q@gmail.com saved Bali Serenity Retreat', 2, '[]'); alias=default
(0.002) COMMIT; args=None; alias=default
[22/May/2026 00:35:06] "POST /admin/pages/savedhotel/2/change/ HTTP/1.1" 302 0
(0.000) SELECT "django_session"."session_key", "django_session"."session_data", "django_session"."expire_date" FROM "django_session" WHERE ("django_session"."expire_date" > '2026-05-21 21:35:06.272228' AND "django_session"."session_key" = 'k0s7cdvu9q1pjd0dead4rh16dbbpbsaz') LIMIT 21; args=('2026-05-21 21:35:06.272228', 'k0s7cdvu9q1pjd0dead4rh16dbbpbsaz'); alias=default
(0.000) SELECT "auth_user"."id", "auth_user"."password", "auth_user"."last_login", "auth_user"."is_superuser", "auth_user"."username", "auth_user"."first_name", "auth_user"."last_name", "auth_user"."email", "auth_user"."is_staff", "auth_user"."is_active", "auth_user"."date_joined" FROM "auth_user" WHERE "auth_user"."id" = 8 LIMIT 21; args=(8,); alias=default
(0.000) SELECT COUNT(*) AS "__count" FROM "pages_savedhotel"; args=(); alias=default
(0.000) SELECT COUNT(*) AS "__count" FROM "pages_savedhotel"; args=(); alias=default
(0.000) SELECT "pages_savedhotel"."id", "pages_savedhotel"."user_id", "pages_savedhotel"."hotel_id", "pages_savedhotel"."created_at", "auth_user"."id", "auth_user"."password", "auth_user"."last_login", "auth_user"."is_superuser", "auth_user"."username", "auth_user"."first_name", "auth_user"."last_name", "auth_user"."email", "auth_user"."is_staff", "auth_user"."is_active", "auth_user"."date_joined", "pages_hotel"."id", "pages_hotel"."code", "pages_hotel"."name", "pages_hotel"."city", "pages_hotel"."country", "pages_hotel"."location", "pages_hotel"."category", "pages_hotel"."property_type", "pages_hotel"."amenities", "pages_hotel"."image_url", "pages_hotel"."rating", "pages_hotel"."review_count", "pages_hotel"."original_price", "pages_hotel"."current_price", "pages_hotel"."max_guests", "pages_hotel"."rooms_left" FROM "pages_savedhotel" INNER JOIN "auth_user" ON ("pages_savedhotel"."user_id" = "auth_user"."id") INNER JOIN "pages_hotel" ON ("pages_savedhotel"."hotel_id" = "pages_hotel"."id") ORDER BY "pages_savedhotel"."created_at" DESC, "pages_savedhotel"."id" DESC; args=(); alias=default
[22/May/2026 00:35:06] "GET /admin/pages/savedhotel/ HTTP/1.1" 200 13436
(0.000) SELECT "django_session"."session_key", "django_session"."session_data", "django_session"."expire_date" FROM "django_session" WHERE ("django_session"."expire_date" > '2026-05-21 21:35:06.284221' AND "django_session"."session_key" = 'k0s7cdvu9q1pjd0dead4rh16dbbpbsaz') LIMIT 21; args=('2026-05-21 21:35:06.284221', 'k0s7cdvu9q1pjd0dead4rh16dbbpbsaz'); alias=default
(0.000) SELECT "auth_user"."id", "auth_user"."password", "auth_user"."last_login", "auth_user"."is_superuser", "auth_user"."username", "auth_user"."first_name", "auth_user"."last_name", "auth_user"."email", "auth_user"."is_staff", "auth_user"."is_active", "auth_user"."date_joined" FROM "auth_user" WHERE "auth_user"."id" = 8 LIMIT 21; args=(8,); alias=default
[22/May/2026 00:35:06] "GET /admin/jsi18n/ HTTP/1.1" 200 3342
[22/May/2026 00:35:06] "GET /static/admin/img/icon-yes.svg HTTP/1.1" 200 436
(0.000) SELECT "django_session"."session_key", "django_session"."session_data", "django_session"."expire_date" FROM "django_session" WHERE ("django_session"."expire_date" > '2026-05-21 21:35:11.110264' AND "django_session"."session_key" = 'k0s7cdvu9q1pjd0dead4rh16dbbpbsaz') LIMIT 21; args=('2026-05-21 21:35:11.110264', 'k0s7cdvu9q1pjd0dead4rh16dbbpbsaz'); alias=default
(0.000) SELECT "auth_user"."id", "auth_user"."password", "auth_user"."last_login", "auth_user"."is_superuser", "auth_user"."username", "auth_user"."first_name", "auth_user"."last_name", "auth_user"."email", "auth_user"."is_staff", "auth_user"."is_active", "auth_user"."date_joined" FROM "auth_user" WHERE "auth_user"."id" = 8 LIMIT 21; args=(8,); alias=default
(0.000) SELECT "pages_savedhotel"."id", "pages_savedhotel"."user_id", "pages_savedhotel"."hotel_id", "pages_savedhotel"."created_at" FROM "pages_savedhotel" WHERE "pages_savedhotel"."id" = 2 LIMIT 21; args=(2,); alias=default
(0.000) SELECT "auth_user"."id", "auth_user"."password", "auth_user"."last_login", "auth_user"."is_superuser", "auth_user"."username", "auth_user"."first_name", "auth_user"."last_name", "auth_user"."email", "auth_user"."is_staff", "auth_user"."is_active", "auth_user"."date_joined" FROM "auth_user" WHERE "auth_user"."id" = 4 LIMIT 21; args=(4,); alias=default
(0.000) SELECT "pages_hotel"."id", "pages_hotel"."code", "pages_hotel"."name", "pages_hotel"."city", "pages_hotel"."country", "pages_hotel"."location", "pages_hotel"."category", "pages_hotel"."property_type", "pages_hotel"."amenities", "pages_hotel"."image_url", "pages_hotel"."rating", "pages_hotel"."review_count", "pages_hotel"."original_price", "pages_hotel"."current_price", "pages_hotel"."max_guests", "pages_hotel"."rooms_left" FROM "pages_hotel" WHERE "pages_hotel"."id" = 7 LIMIT 21; args=(7,); alias=default
(0.000) SELECT "auth_user"."id", "auth_user"."password", "auth_user"."last_login", "auth_user"."is_superuser", "auth_user"."username", "auth_user"."first_name", "auth_user"."last_name", "auth_user"."email", "auth_user"."is_staff", "auth_user"."is_active", "auth_user"."date_joined" FROM "auth_user" ORDER BY "auth_user"."username" ASC; args=(); alias=default
(0.000) SELECT "pages_hotel"."id", "pages_hotel"."code", "pages_hotel"."name", "pages_hotel"."city", "pages_hotel"."country", "pages_hotel"."location", "pages_hotel"."category", "pages_hotel"."property_type", "pages_hotel"."amenities", "pages_hotel"."image_url", "pages_hotel"."rating", "pages_hotel"."review_count", "pages_hotel"."original_price", "pages_hotel"."current_price", "pages_hotel"."max_guests", "pages_hotel"."rooms_left" FROM "pages_hotel" ORDER BY "pages_hotel"."current_price" ASC, "pages_hotel"."name" ASC; args=(); alias=default
[22/May/2026 00:35:11] "GET /admin/pages/savedhotel/2/change/ HTTP/1.1" 200 14929
(0.000) SELECT "django_session"."session_key", "django_session"."session_data", "django_session"."expire_date" FROM "django_session" WHERE ("django_session"."expire_date" > '2026-05-21 21:35:11.123167' AND "django_session"."session_key" = 'k0s7cdvu9q1pjd0dead4rh16dbbpbsaz') LIMIT 21; args=('2026-05-21 21:35:11.123167', 'k0s7cdvu9q1pjd0dead4rh16dbbpbsaz'); alias=default
(0.000) SELECT "auth_user"."id", "auth_user"."password", "auth_user"."last_login", "auth_user"."is_superuser", "auth_user"."username", "auth_user"."first_name", "auth_user"."last_name", "auth_user"."email", "auth_user"."is_staff", "auth_user"."is_active", "auth_user"."date_joined" FROM "auth_user" WHERE "auth_user"."id" = 8 LIMIT 21; args=(8,); alias=default
[22/May/2026 00:35:11] "GET /admin/jsi18n/ HTTP/1.1" 200 3342
(0.000) SELECT "django_session"."session_key", "django_session"."session_data", "django_session"."expire_date" FROM "django_session" WHERE ("django_session"."expire_date" > '2026-05-21 21:35:14.951448' AND "django_session"."session_key" = 'k0s7cdvu9q1pjd0dead4rh16dbbpbsaz') LIMIT 21; args=('2026-05-21 21:35:14.951448', 'k0s7cdvu9q1pjd0dead4rh16dbbpbsaz'); alias=default
(0.000) SELECT "auth_user"."id", "auth_user"."password", "auth_user"."last_login", "auth_user"."is_superuser", "auth_user"."username", "auth_user"."first_name", "auth_user"."last_name", "auth_user"."email", "auth_user"."is_staff", "auth_user"."is_active", "auth_user"."date_joined" FROM "auth_user" WHERE "auth_user"."id" = 8 LIMIT 21; args=(8,); alias=default
(0.000) SELECT "django_content_type"."id", "django_content_type"."app_label", "django_content_type"."model" FROM "django_content_type" WHERE ("django_content_type"."app_label" = 'pages' AND "django_content_type"."model" = 'hotel') LIMIT 21; args=('pages', 'hotel'); alias=default
[22/May/2026 00:35:14] "GET /admin/pages/hotel/add/?_to_field=id&_popup=1 HTTP/1.1" 200 13399
(0.000) SELECT "django_session"."session_key", "django_session"."session_data", "django_session"."expire_date" FROM "django_session" WHERE ("django_session"."expire_date" > '2026-05-21 21:35:14.981903' AND "django_session"."session_key" = 'k0s7cdvu9q1pjd0dead4rh16dbbpbsaz') LIMIT 21; args=('2026-05-21 21:35:14.981903', 'k0s7cdvu9q1pjd0dead4rh16dbbpbsaz'); alias=default
(0.000) SELECT "auth_user"."id", "auth_user"."password", "auth_user"."last_login", "auth_user"."is_superuser", "auth_user"."username", "auth_user"."first_name", "auth_user"."last_name", "auth_user"."email", "auth_user"."is_staff", "auth_user"."is_active", "auth_user"."date_joined" FROM "auth_user" WHERE "auth_user"."id" = 8 LIMIT 21; args=(8,); alias=default
[22/May/2026 00:35:14,989] - Broken pipe from ('127.0.0.1', 50600)
(0.000) SELECT "django_session"."session_key", "django_session"."session_data", "django_session"."expire_date" FROM "django_session" WHERE ("django_session"."expire_date" > '2026-05-21 21:35:14.989220' AND "django_session"."session_key" = 'k0s7cdvu9q1pjd0dead4rh16dbbpbsaz') LIMIT 21; args=('2026-05-21 21:35:14.989220', 'k0s7cdvu9q1pjd0dead4rh16dbbpbsaz'); alias=default
(0.000) SELECT "auth_user"."id", "auth_user"."password", "auth_user"."last_login", "auth_user"."is_superuser", "auth_user"."username", "auth_user"."first_name", "auth_user"."last_name", "auth_user"."email", "auth_user"."is_staff", "auth_user"."is_active", "auth_user"."date_joined" FROM "auth_user" WHERE "auth_user"."id" = 8 LIMIT 21; args=(8,); alias=default
[22/May/2026 00:35:14] "GET /admin/jsi18n/ HTTP/1.1" 200 3342
(0.000) SELECT "django_session"."session_key", "django_session"."session_data", "django_session"."expire_date" FROM "django_session" WHERE ("django_session"."expire_date" > '2026-05-21 21:35:19.125762' AND "django_session"."session_key" = 'k0s7cdvu9q1pjd0dead4rh16dbbpbsaz') LIMIT 21; args=('2026-05-21 21:35:19.125762', 'k0s7cdvu9q1pjd0dead4rh16dbbpbsaz'); alias=default
(0.000) SELECT "auth_user"."id", "auth_user"."password", "auth_user"."last_login", "auth_user"."is_superuser", "auth_user"."username", "auth_user"."first_name", "auth_user"."last_name", "auth_user"."email", "auth_user"."is_staff", "auth_user"."is_active", "auth_user"."date_joined" FROM "auth_user" WHERE "auth_user"."id" = 8 LIMIT 21; args=(8,); alias=default
(0.000) BEGIN; args=None; alias=default
(0.000) COMMIT; args=None; alias=default
[22/May/2026 00:35:19] "POST /admin/pages/hotel/add/?_to_field=id&_popup=1 HTTP/1.1" 200 14942
(0.000) SELECT "django_session"."session_key", "django_session"."session_data", "django_session"."expire_date" FROM "django_session" WHERE ("django_session"."expire_date" > '2026-05-21 21:35:19.141119' AND "django_session"."session_key" = 'k0s7cdvu9q1pjd0dead4rh16dbbpbsaz') LIMIT 21; args=('2026-05-21 21:35:19.141119', 'k0s7cdvu9q1pjd0dead4rh16dbbpbsaz'); alias=default
(0.000) SELECT "auth_user"."id", "auth_user"."password", "auth_user"."last_login", "auth_user"."is_superuser", "auth_user"."username", "auth_user"."first_name", "auth_user"."last_name", "auth_user"."email", "auth_user"."is_staff", "auth_user"."is_active", "auth_user"."date_joined" FROM "auth_user" WHERE "auth_user"."id" = 8 LIMIT 21; args=(8,); alias=default
[22/May/2026 00:35:19] "GET /admin/jsi18n/ HTTP/1.1" 200 3342
(0.000) SELECT "django_session"."session_key", "django_session"."session_data", "django_session"."expire_date" FROM "django_session" WHERE ("django_session"."expire_date" > '2026-05-21 21:35:24.144387' AND "django_session"."session_key" = 'k0s7cdvu9q1pjd0dead4rh16dbbpbsaz') LIMIT 21; args=('2026-05-21 21:35:24.144387', 'k0s7cdvu9q1pjd0dead4rh16dbbpbsaz'); alias=default
(0.000) SELECT "auth_user"."id", "auth_user"."password", "auth_user"."last_login", "auth_user"."is_superuser", "auth_user"."username", "auth_user"."first_name", "auth_user"."last_name", "auth_user"."email", "auth_user"."is_staff", "auth_user"."is_active", "auth_user"."date_joined" FROM "auth_user" WHERE "auth_user"."id" = 8 LIMIT 21; args=(8,); alias=default
(0.000) SELECT "django_content_type"."id", "django_content_type"."app_label", "django_content_type"."model" FROM "django_content_type" WHERE ("django_content_type"."app_label" = 'auth' AND "django_content_type"."model" = 'user') LIMIT 21; args=('auth', 'user'); alias=default
(0.000) SELECT "django_session"."session_key", "django_session"."session_data", "django_session"."expire_date" FROM "django_session" WHERE ("django_session"."expire_date" > '2026-05-21 21:35:24.171393' AND "django_session"."session_key" = 'k0s7cdvu9q1pjd0dead4rh16dbbpbsaz') LIMIT 21; args=('2026-05-21 21:35:24.171393', 'k0s7cdvu9q1pjd0dead4rh16dbbpbsaz'); alias=default
(0.000) SELECT "auth_user"."id", "auth_user"."password", "auth_user"."last_login", "auth_user"."is_superuser", "auth_user"."username", "auth_user"."first_name", "auth_user"."last_name", "auth_user"."email", "auth_user"."is_staff", "auth_user"."is_active", "auth_user"."date_joined" FROM "auth_user" WHERE "auth_user"."id" = 8 LIMIT 21; args=(8,); alias=default
[22/May/2026 00:35:24] "GET /admin/auth/user/add/?_to_field=id&_popup=1 HTTP/1.1" 200 7650
[22/May/2026 00:35:24,180] - Broken pipe from ('127.0.0.1', 58551)
(0.000) SELECT "django_session"."session_key", "django_session"."session_data", "django_session"."expire_date" FROM "django_session" WHERE ("django_session"."expire_date" > '2026-05-21 21:35:24.183316' AND "django_session"."session_key" = 'k0s7cdvu9q1pjd0dead4rh16dbbpbsaz') LIMIT 21; args=('2026-05-21 21:35:24.183316', 'k0s7cdvu9q1pjd0dead4rh16dbbpbsaz'); alias=default
(0.000) SELECT "auth_user"."id", "auth_user"."password", "auth_user"."last_login", "auth_user"."is_superuser", "auth_user"."username", "auth_user"."first_name", "auth_user"."last_name", "auth_user"."email", "auth_user"."is_staff", "auth_user"."is_active", "auth_user"."date_joined" FROM "auth_user" WHERE "auth_user"."id" = 8 LIMIT 21; args=(8,); alias=default
[22/May/2026 00:35:24] "GET /admin/jsi18n/ HTTP/1.1" 200 3342
[22/May/2026 00:35:24] "GET /static/admin/css/unusable_password_field.css HTTP/1.1" 200 663
[22/May/2026 00:35:24] "GET /static/admin/js/unusable_password_field.js HTTP/1.1" 200 1480
(0.000) SELECT "django_session"."session_key", "django_session"."session_data", "django_session"."expire_date" FROM "django_session" WHERE ("django_session"."expire_date" > '2026-05-21 21:35:27.563825' AND "django_session"."session_key" = 'k0s7cdvu9q1pjd0dead4rh16dbbpbsaz') LIMIT 21; args=('2026-05-21 21:35:27.563825', 'k0s7cdvu9q1pjd0dead4rh16dbbpbsaz'); alias=default
(0.000) SELECT "auth_user"."id", "auth_user"."password", "auth_user"."last_login", "auth_user"."is_superuser", "auth_user"."username", "auth_user"."first_name", "auth_user"."last_name", "auth_user"."email", "auth_user"."is_staff", "auth_user"."is_active", "auth_user"."date_joined" FROM "auth_user" WHERE "auth_user"."id" = 8 LIMIT 21; args=(8,); alias=default
(0.000) SELECT "pages_hotel"."id", "pages_hotel"."code", "pages_hotel"."name", "pages_hotel"."city", "pages_hotel"."country", "pages_hotel"."location", "pages_hotel"."category", "pages_hotel"."property_type", "pages_hotel"."amenities", "pages_hotel"."image_url", "pages_hotel"."rating", "pages_hotel"."review_count", "pages_hotel"."original_price", "pages_hotel"."current_price", "pages_hotel"."max_guests", "pages_hotel"."rooms_left" FROM "pages_hotel" ORDER BY "pages_hotel"."current_price" ASC, "pages_hotel"."name" ASC; args=(); alias=default
(0.000) SELECT COUNT(*) AS "__count" FROM "pages_review"; args=(); alias=default
(0.000) SELECT COUNT(*) AS "__count" FROM "pages_review"; args=(); alias=default
(0.000) SELECT "pages_review"."id", "pages_review"."user_id", "pages_review"."hotel_id", "pages_review"."booking_id", "pages_review"."rating", "pages_review"."comment", "pages_review"."created_at", "auth_user"."id", "auth_user"."password", "auth_user"."last_login", "auth_user"."is_superuser", "auth_user"."username", "auth_user"."first_name", "auth_user"."last_name", "auth_user"."email", "auth_user"."is_staff", "auth_user"."is_active", "auth_user"."date_joined", "pages_hotel"."id", "pages_hotel"."code", "pages_hotel"."name", "pages_hotel"."city", "pages_hotel"."country", "pages_hotel"."location", "pages_hotel"."category", "pages_hotel"."property_type", "pages_hotel"."amenities", "pages_hotel"."image_url", "pages_hotel"."rating", "pages_hotel"."review_count", "pages_hotel"."original_price", "pages_hotel"."current_price", "pages_hotel"."max_guests", "pages_hotel"."rooms_left", "pages_booking"."id", "pages_booking"."booking_reference", "pages_booking"."user_id", "pages_booking"."hotel_id", "pages_booking"."status", "pages_booking"."guest_first_name", "pages_booking"."guest_last_name", "pages_booking"."guest_email", "pages_booking"."guest_phone", "pages_booking"."nationality", "pages_booking"."check_in", "pages_booking"."check_out", "pages_booking"."guests", "pages_booking"."room_name", "pages_booking"."payment_method", "pages_booking"."total_amount", "pages_booking"."created_at", T5."id", T5."password", T5."last_login", T5."is_superuser", T5."username", T5."first_name", T5."last_name", T5."email", T5."is_staff", T5."is_active", T5."date_joined", T6."id", T6."code", T6."name", T6."city", T6."country", T6."location", T6."category", T6."property_type", T6."amenities", T6."image_url", T6."rating", T6."review_count", T6."original_price", T6."current_price", T6."max_guests", T6."rooms_left" FROM "pages_review" INNER JOIN "auth_user" ON ("pages_review"."user_id" = "auth_user"."id") INNER JOIN "pages_hotel" ON ("pages_review"."hotel_id" = "pages_hotel"."id") INNER JOIN "pages_booking" ON ("pages_review"."booking_id" = "pages_booking"."id") INNER JOIN "auth_user" T5 ON ("pages_booking"."user_id" = T5."id") INNER JOIN "pages_hotel" T6 ON ("pages_booking"."hotel_id" = T6."id") ORDER BY "pages_review"."created_at" DESC, "pages_review"."id" DESC; args=(); alias=default
(0.000) SELECT DISTINCT "pages_review"."rating" AS "rating" FROM "pages_review" ORDER BY 1 ASC; args=(); alias=default
[22/May/2026 00:35:27] "GET /admin/pages/review/ HTTP/1.1" 200 15137
(0.000) SELECT "django_session"."session_key", "django_session"."session_data", "django_session"."expire_date" FROM "django_session" WHERE ("django_session"."expire_date" > '2026-05-21 21:35:27.582611' AND "django_session"."session_key" = 'k0s7cdvu9q1pjd0dead4rh16dbbpbsaz') LIMIT 21; args=('2026-05-21 21:35:27.582611', 'k0s7cdvu9q1pjd0dead4rh16dbbpbsaz'); alias=default
(0.000) SELECT "auth_user"."id", "auth_user"."password", "auth_user"."last_login", "auth_user"."is_superuser", "auth_user"."username", "auth_user"."first_name", "auth_user"."last_name", "auth_user"."email", "auth_user"."is_staff", "auth_user"."is_active", "auth_user"."date_joined" FROM "auth_user" WHERE "auth_user"."id" = 8 LIMIT 21; args=(8,); alias=default
[22/May/2026 00:35:27] "GET /admin/jsi18n/ HTTP/1.1" 200 3342
(0.000) SELECT "django_session"."session_key", "django_session"."session_data", "django_session"."expire_date" FROM "django_session" WHERE ("django_session"."expire_date" > '2026-05-21 21:35:30.119662' AND "django_session"."session_key" = 'k0s7cdvu9q1pjd0dead4rh16dbbpbsaz') LIMIT 21; args=('2026-05-21 21:35:30.119662', 'k0s7cdvu9q1pjd0dead4rh16dbbpbsaz'); alias=default
(0.000) SELECT "auth_user"."id", "auth_user"."password", "auth_user"."last_login", "auth_user"."is_superuser", "auth_user"."username", "auth_user"."first_name", "auth_user"."last_name", "auth_user"."email", "auth_user"."is_staff", "auth_user"."is_active", "auth_user"."date_joined" FROM "auth_user" WHERE "auth_user"."id" = 8 LIMIT 21; args=(8,); alias=default
(0.000) SELECT COUNT(*) AS "__count" FROM "pages_paymentmethod"; args=(); alias=default
(0.000) SELECT COUNT(*) AS "__count" FROM "pages_paymentmethod"; args=(); alias=default
(0.000) SELECT "pages_paymentmethod"."id", "pages_paymentmethod"."user_id", "pages_paymentmethod"."cardholder_name", "pages_paymentmethod"."brand", "pages_paymentmethod"."last4", "pages_paymentmethod"."expiry_month", "pages_paymentmethod"."expiry_year", "pages_paymentmethod"."is_default", "pages_paymentmethod"."created_at", "auth_user"."id", "auth_user"."password", "auth_user"."last_login", "auth_user"."is_superuser", "auth_user"."username", "auth_user"."first_name", "auth_user"."last_name", "auth_user"."email", "auth_user"."is_staff", "auth_user"."is_active", "auth_user"."date_joined" FROM "pages_paymentmethod" INNER JOIN "auth_user" ON ("pages_paymentmethod"."user_id" = "auth_user"."id") ORDER BY "pages_paymentmethod"."is_default" DESC, "pages_paymentmethod"."created_at" DESC, "pages_paymentmethod"."id" DESC; args=(); alias=default
(0.000) SELECT DISTINCT "pages_paymentmethod"."brand" AS "brand" FROM "pages_paymentmethod" ORDER BY 1 ASC; args=(); alias=default
[22/May/2026 00:35:30] "GET /admin/pages/paymentmethod/ HTTP/1.1" 200 15416
(0.000) SELECT "django_session"."session_key", "django_session"."session_data", "django_session"."expire_date" FROM "django_session" WHERE ("django_session"."expire_date" > '2026-05-21 21:35:30.133300' AND "django_session"."session_key" = 'k0s7cdvu9q1pjd0dead4rh16dbbpbsaz') LIMIT 21; args=('2026-05-21 21:35:30.133300', 'k0s7cdvu9q1pjd0dead4rh16dbbpbsaz'); alias=default
(0.000) SELECT "auth_user"."id", "auth_user"."password", "auth_user"."last_login", "auth_user"."is_superuser", "auth_user"."username", "auth_user"."first_name", "auth_user"."last_name", "auth_user"."email", "auth_user"."is_staff", "auth_user"."is_active", "auth_user"."date_joined" FROM "auth_user" WHERE "auth_user"."id" = 8 LIMIT 21; args=(8,); alias=default
[22/May/2026 00:35:30] "GET /admin/jsi18n/ HTTP/1.1" 200 3342
(0.000) SELECT "django_session"."session_key", "django_session"."session_data", "django_session"."expire_date" FROM "django_session" WHERE ("django_session"."expire_date" > '2026-05-21 21:35:34.157029' AND "django_session"."session_key" = 'k0s7cdvu9q1pjd0dead4rh16dbbpbsaz') LIMIT 21; args=('2026-05-21 21:35:34.157029', 'k0s7cdvu9q1pjd0dead4rh16dbbpbsaz'); alias=default
(0.000) SELECT "auth_user"."id", "auth_user"."password", "auth_user"."last_login", "auth_user"."is_superuser", "auth_user"."username", "auth_user"."first_name", "auth_user"."last_name", "auth_user"."email", "auth_user"."is_staff", "auth_user"."is_active", "auth_user"."date_joined" FROM "auth_user" WHERE "auth_user"."id" = 8 LIMIT 21; args=(8,); alias=default
(0.000) SELECT COUNT(*) AS "__count" FROM "pages_hotel"; args=(); alias=default
(0.000) SELECT COUNT(*) AS "__count" FROM "pages_hotel"; args=(); alias=default
(0.000) SELECT "pages_hotel"."id", "pages_hotel"."code", "pages_hotel"."name", "pages_hotel"."city", "pages_hotel"."country", "pages_hotel"."location", "pages_hotel"."category", "pages_hotel"."property_type", "pages_hotel"."amenities", "pages_hotel"."image_url", "pages_hotel"."rating", "pages_hotel"."review_count", "pages_hotel"."original_price", "pages_hotel"."current_price", "pages_hotel"."max_guests", "pages_hotel"."rooms_left" FROM "pages_hotel" ORDER BY "pages_hotel"."current_price" ASC, "pages_hotel"."name" ASC, "pages_hotel"."id" DESC; args=(); alias=default
(0.000) SELECT DISTINCT "pages_hotel"."category" AS "category" FROM "pages_hotel" ORDER BY 1 ASC; args=(); alias=default
(0.000) SELECT DISTINCT "pages_hotel"."property_type" AS "property_type" FROM "pages_hotel" ORDER BY 1 ASC; args=(); alias=default
(0.000) SELECT DISTINCT "pages_hotel"."city" AS "city" FROM "pages_hotel" ORDER BY 1 ASC; args=(); alias=default
[22/May/2026 00:35:34] "GET /admin/pages/hotel/ HTTP/1.1" 200 19313
(0.000) SELECT "django_session"."session_key", "django_session"."session_data", "django_session"."expire_date" FROM "django_session" WHERE ("django_session"."expire_date" > '2026-05-21 21:35:34.171815' AND "django_session"."session_key" = 'k0s7cdvu9q1pjd0dead4rh16dbbpbsaz') LIMIT 21; args=('2026-05-21 21:35:34.171815', 'k0s7cdvu9q1pjd0dead4rh16dbbpbsaz'); alias=default
(0.000) SELECT "auth_user"."id", "auth_user"."password", "auth_user"."last_login", "auth_user"."is_superuser", "auth_user"."username", "auth_user"."first_name", "auth_user"."last_name", "auth_user"."email", "auth_user"."is_staff", "auth_user"."is_active", "auth_user"."date_joined" FROM "auth_user" WHERE "auth_user"."id" = 8 LIMIT 21; args=(8,); alias=default
[22/May/2026 00:35:34] "GET /admin/jsi18n/ HTTP/1.1" 200 3342
(0.000) SELECT "django_session"."session_key", "django_session"."session_data", "django_session"."expire_date" FROM "django_session" WHERE ("django_session"."expire_date" > '2026-05-21 21:35:37.623814' AND "django_session"."session_key" = 'k0s7cdvu9q1pjd0dead4rh16dbbpbsaz') LIMIT 21; args=('2026-05-21 21:35:37.623814', 'k0s7cdvu9q1pjd0dead4rh16dbbpbsaz'); alias=default
(0.000) SELECT "auth_user"."id", "auth_user"."password", "auth_user"."last_login", "auth_user"."is_superuser", "auth_user"."username", "auth_user"."first_name", "auth_user"."last_name", "auth_user"."email", "auth_user"."is_staff", "auth_user"."is_active", "auth_user"."date_joined" FROM "auth_user" WHERE "auth_user"."id" = 8 LIMIT 21; args=(8,); alias=default
(0.000) SELECT "pages_hotel"."id", "pages_hotel"."code", "pages_hotel"."name", "pages_hotel"."city", "pages_hotel"."country", "pages_hotel"."location", "pages_hotel"."category", "pages_hotel"."property_type", "pages_hotel"."amenities", "pages_hotel"."image_url", "pages_hotel"."rating", "pages_hotel"."review_count", "pages_hotel"."original_price", "pages_hotel"."current_price", "pages_hotel"."max_guests", "pages_hotel"."rooms_left" FROM "pages_hotel" ORDER BY "pages_hotel"."current_price" ASC, "pages_hotel"."name" ASC; args=(); alias=default
(0.000) SELECT COUNT(*) AS "__count" FROM "pages_booking"; args=(); alias=default
(0.000) SELECT COUNT(*) AS "__count" FROM "pages_booking"; args=(); alias=default
(0.000) SELECT "pages_booking"."id", "pages_booking"."booking_reference", "pages_booking"."user_id", "pages_booking"."hotel_id", "pages_booking"."status", "pages_booking"."guest_first_name", "pages_booking"."guest_last_name", "pages_booking"."guest_email", "pages_booking"."guest_phone", "pages_booking"."nationality", "pages_booking"."check_in", "pages_booking"."check_out", "pages_booking"."guests", "pages_booking"."room_name", "pages_booking"."payment_method", "pages_booking"."total_amount", "pages_booking"."created_at", "auth_user"."id", "auth_user"."password", "auth_user"."last_login", "auth_user"."is_superuser", "auth_user"."username", "auth_user"."first_name", "auth_user"."last_name", "auth_user"."email", "auth_user"."is_staff", "auth_user"."is_active", "auth_user"."date_joined", "pages_hotel"."id", "pages_hotel"."code", "pages_hotel"."name", "pages_hotel"."city", "pages_hotel"."country", "pages_hotel"."location", "pages_hotel"."category", "pages_hotel"."property_type", "pages_hotel"."amenities", "pages_hotel"."image_url", "pages_hotel"."rating", "pages_hotel"."review_count", "pages_hotel"."original_price", "pages_hotel"."current_price", "pages_hotel"."max_guests", "pages_hotel"."rooms_left" FROM "pages_booking" INNER JOIN "auth_user" ON ("pages_booking"."user_id" = "auth_user"."id") INNER JOIN "pages_hotel" ON ("pages_booking"."hotel_id" = "pages_hotel"."id") ORDER BY "pages_booking"."created_at" DESC, "pages_booking"."id" DESC; args=(); alias=default
[22/May/2026 00:35:37] "GET /admin/pages/booking/ HTTP/1.1" 200 20840
(0.000) SELECT "django_session"."session_key", "django_session"."session_data", "django_session"."expire_date" FROM "django_session" WHERE ("django_session"."expire_date" > '2026-05-21 21:35:37.638689' AND "django_session"."session_key" = 'k0s7cdvu9q1pjd0dead4rh16dbbpbsaz') LIMIT 21; args=('2026-05-21 21:35:37.638689', 'k0s7cdvu9q1pjd0dead4rh16dbbpbsaz'); alias=default
(0.000) SELECT "auth_user"."id", "auth_user"."password", "auth_user"."last_login", "auth_user"."is_superuser", "auth_user"."username", "auth_user"."first_name", "auth_user"."last_name", "auth_user"."email", "auth_user"."is_staff", "auth_user"."is_active", "auth_user"."date_joined" FROM "auth_user" WHERE "auth_user"."id" = 8 LIMIT 21; args=(8,); alias=default
[22/May/2026 00:35:37] "GET /admin/jsi18n/ HTTP/1.1" 200 3342
